<?xml version="1.0" encoding="UTF-8"?>
<testng-results skipped="0" failed="0" ignored="0" total="1" passed="1">
  <reporter-output>
  </reporter-output>
  <suite name="Default suite" duration-ms="9374" started-at="2019-11-19T06:18:22Z" finished-at="2019-11-19T06:18:32Z">
    <groups>
    </groups>
    <test name="Default test" duration-ms="9374" started-at="2019-11-19T06:18:22Z" finished-at="2019-11-19T06:18:32Z">
      <class name="com.selenium.practise.RetrieveUniqueTextFromListOfElementUsingStreamAPICollect">
        <test-method status="PASS" signature="RetrieveTextFromListOfElementWithStremAPI()[pri:0, instance:com.selenium.practise.RetrieveUniqueTextFromListOfElementUsingStreamAPICollect@215be6bb]" name="RetrieveTextFromListOfElementWithStremAPI" duration-ms="9344" started-at="2019-11-19T11:48:22Z" finished-at="2019-11-19T11:48:32Z">
          <reporter-output>
          </reporter-output>
        </test-method> <!-- RetrieveTextFromListOfElementWithStremAPI -->
      </class> <!-- com.selenium.practise.RetrieveUniqueTextFromListOfElementUsingStreamAPICollect -->
    </test> <!-- Default test -->
  </suite> <!-- Default suite -->
</testng-results>
